<?xml version="1.0" encoding="UTF-8"?>
<testsuite xmlns:xsi="http://www.w3.org/2001/XMLSchema-instance" xsi:noNamespaceSchemaLocation="https://maven.apache.org/surefire/maven-surefire-plugin/xsd/surefire-test-report-3.0.xsd" version="3.0" name="com.testmuhendisligi.ReqresApiTest" time="10.417" tests="3" errors="0" skipped="0" failures="0">
  <properties>
[...]
</properties>
  <testcase name="shouldReturnSingleUser_whenGetUserByIdTwo" classname="com.testmuhendisligi.ReqresApiTest" time="7.62">
    <system-out><![CDATA[========================================
  API Otomatik Regresyon Testleri
  Base URL: https://jsonplaceholder.typicode.com
========================================
Request URI:	https://jsonplaceholder.typicode.com/users/2
HTTP/1.1 200 OK
{
    "id": 2,
    "name": "Ervin Howell",
    "username": "Antonette",
    "email": "Shanna@melissa.tv",
    "address": {
        "street": "Victor Plains",
        "suite": "Suite 879",
        "city": "Wisokyburgh",
        "zipcode": "90566-7771",
        "geo": {
            "lat": "-43.9509",
            "lng": "-34.4618"
        }
    },
    "phone": "010-692-6593 x09125",
    "website": "anastasia.net",
    "company": {
        "name": "Deckow-Crist",
        "catchPhrase": "Proactive didactic contingency",
        "bs": "synergize scalable supply-chains"
    }
}
]]></system-out>
  </testcase>
  <testcase name="shouldCreateNewPost_whenPostWithValidBody" classname="com.testmuhendisligi.ReqresApiTest" time="0.787">
    <system-out><![CDATA[Request URI:	https://jsonplaceholder.typicode.com/posts
Body:
{
    "title": "Test Mühendisliği",
    "body": "Otomatik regresyon testleri yazılım kalitesini artırır.",
    "userId": 1
}
HTTP/1.1 201 Created
{
    "title": "Test Mühendisliği",
    "body": "Otomatik regresyon testleri yazılım kalitesini artırır.",
    "userId": 1,
    "id": 101
}
]]></system-out>
  </testcase>
  <testcase name="shouldReturnPostList_whenGetAllPosts" classname="com.testmuhendisligi.ReqresApiTest" time="0.891">
    <system-out><![CDATA[Request URI:	https://jsonplaceholder.typicode.com/posts
HTTP/1.1 200 OK
]]></system-out>
  </testcase>
</testsuite>